Determining if the pthread_create exist failed with the following output:
Change Dir: /home/combinacijus/Documents/ROS/samana_ws/build/CMakeFiles/CMakeTmp

Run Build Command:"/usr/bin/make" "cmTC_7f1f6/fast"
/usr/bin/make -f CMakeFiles/cmTC_7f1f6.dir/build.make CMakeFiles/cmTC_7f1f6.dir/build
make[1]: Entering directory '/home/combinacijus/Documents/ROS/samana_ws/build/CMakeFiles/CMakeTmp'
Building C object CMakeFiles/cmTC_7f1f6.dir/CheckSymbolExists.c.o
/usr/bin/cc    -o CMakeFiles/cmTC_7f1f6.dir/CheckSymbolExists.c.o   -c /home/combinacijus/Documents/ROS/samana_ws/build/CMakeFiles/CMakeTmp/CheckSymbolExists.c
Linking C executable cmTC_7f1f6
/usr/bin/cmake -E cmake_link_script CMakeFiles/cmTC_7f1f6.dir/link.txt --verbose=1
/usr/bin/cc      -rdynamic CMakeFiles/cmTC_7f1f6.dir/CheckSymbolExists.c.o  -o cmTC_7f1f6 
CMakeFiles/cmTC_7f1f6.dir/CheckSymbolExists.c.o: In function `main':
CheckSymbolExists.c:(.text+0x1b): undefined reference to `pthread_create'
collect2: error: ld returned 1 exit status
CMakeFiles/cmTC_7f1f6.dir/build.make:97: recipe for target 'cmTC_7f1f6' failed
make[1]: *** [cmTC_7f1f6] Error 1
make[1]: Leaving directory '/home/combinacijus/Documents/ROS/samana_ws/build/CMakeFiles/CMakeTmp'
Makefile:126: recipe for target 'cmTC_7f1f6/fast' failed
make: *** [cmTC_7f1f6/fast] Error 2

File /home/combinacijus/Documents/ROS/samana_ws/build/CMakeFiles/CMakeTmp/CheckSymbolExists.c:
/* */
#include <pthread.h>

int main(int argc, char** argv)
{
  (void)argv;
#ifndef pthread_create
  return ((int*)(&pthread_create))[argc];
#else
  (void)argc;
  return 0;
#endif
}

Determining if the function pthread_create exists in the pthreads failed with the following output:
Change Dir: /home/combinacijus/Documents/ROS/samana_ws/build/CMakeFiles/CMakeTmp

Run Build Command:"/usr/bin/make" "cmTC_70ed2/fast"
/usr/bin/make -f CMakeFiles/cmTC_70ed2.dir/build.make CMakeFiles/cmTC_70ed2.dir/build
make[1]: Entering directory '/home/combinacijus/Documents/ROS/samana_ws/build/CMakeFiles/CMakeTmp'
Building C object CMakeFiles/cmTC_70ed2.dir/CheckFunctionExists.c.o
/usr/bin/cc   -DCHECK_FUNCTION_EXISTS=pthread_create   -o CMakeFiles/cmTC_70ed2.dir/CheckFunctionExists.c.o   -c /usr/share/cmake-3.10/Modules/CheckFunctionExists.c
Linking C executable cmTC_70ed2
/usr/bin/cmake -E cmake_link_script CMakeFiles/cmTC_70ed2.dir/link.txt --verbose=1
/usr/bin/cc  -DCHECK_FUNCTION_EXISTS=pthread_create    -rdynamic CMakeFiles/cmTC_70ed2.dir/CheckFunctionExists.c.o  -o cmTC_70ed2 -lpthreads 
/usr/bin/ld: cannot find -lpthreads
collect2: error: ld returned 1 exit status
CMakeFiles/cmTC_70ed2.dir/build.make:97: recipe for target 'cmTC_70ed2' failed
make[1]: *** [cmTC_70ed2] Error 1
make[1]: Leaving directory '/home/combinacijus/Documents/ROS/samana_ws/build/CMakeFiles/CMakeTmp'
Makefile:126: recipe for target 'cmTC_70ed2/fast' failed
make: *** [cmTC_70ed2/fast] Error 2


